                                        
                           Design Compiler Graphical 
                                 DC Ultra (TM)
                                  DFTMAX (TM)
                              Power Compiler (TM)
                                 DesignWare (R)
                                 DC Expert (TM)
                               Design Vision (TM)
                               HDL Compiler (TM)
                               VHDL Compiler (TM)
                                  DFT Compiler
                               Design Compiler(R)
                                        
               Version K-2015.06-SP1 for linux64 - Jul 21, 2015 
                                        
                    Copyright (c) 1988 - 2015 Synopsys, Inc.
   This software and the associated documentation are proprietary to Synopsys,
 Inc. This software may only be used in accordance with the terms and conditions
 of a written license agreement with Synopsys, Inc. All other use, reproduction,
            or distribution of this software is strictly prohibited.
Initializing...
#======================================================
#
# Synopsys Synthesis Scripts (Design Vision dctcl mode)
#
#======================================================
#======================================================
#  Set Libraries
#======================================================
set search_path {  ./../01_RTL                    ./../04_MEM                    ~iclabta01/umc018/Synthesis/                    /usr/synthesis/libraries/syn/                    /usr/synthesis/dw/ }
  ./../01_RTL                    ./../04_MEM                    ~iclabta01/umc018/Synthesis/                    /usr/synthesis/libraries/syn/                    /usr/synthesis/dw/ 
set synthetic_library {dw_foundation.sldb}
dw_foundation.sldb
set link_library {* dw_foundation.sldb standard.sldb slow.db }
* dw_foundation.sldb standard.sldb slow.db 
set target_library {slow.db}
slow.db
#report_lib slow
#======================================================
#  Global Parameters
#======================================================
set DESIGN "MS"
MS
set CYCLE 5
5
#======================================================
#  Read RTL Code
#======================================================
#set hdlin_auto_save_templates TRUE
read_sverilog {$DESIGN\.sv}
Loading db file '/usr/synthesis/libraries/syn/dw_foundation.sldb'
Loading db file '/usr/synthesis/libraries/syn/standard.sldb'
Loading db file '/RAID2/COURSE/iclab/iclabta01/umc018/Synthesis/slow.db'
Loading db file '/usr/synthesis/libraries/syn/gtech.db'
  Loading link library 'slow'
  Loading link library 'gtech'
Loading sverilog file '/home/RAID2/COURSE/dcs/dcs034/Final_0624/01_RTL/MS.sv'
Detecting input file type automatically (-rtl or -netlist).
Reading with Presto HDL Compiler (equivalent to -rtl option).
Running PRESTO HDLC
Compiling source file /home/RAID2/COURSE/dcs/dcs034/Final_0624/01_RTL/MS.sv

Statistics for case statements in always block at line 81 in file
	'/home/RAID2/COURSE/dcs/dcs034/Final_0624/01_RTL/MS.sv'
===============================================
|           Line           |  full/ parallel  |
===============================================
|            82            |    auto/auto     |
===============================================

Statistics for case statements in always block at line 257 in file
	'/home/RAID2/COURSE/dcs/dcs034/Final_0624/01_RTL/MS.sv'
===============================================
|           Line           |  full/ parallel  |
===============================================
|           277            |    auto/auto     |
===============================================

Inferred memory devices in process
	in routine MS line 74 in file
		'/home/RAID2/COURSE/dcs/dcs034/Final_0624/01_RTL/MS.sv'.
===============================================================================
|    Register Name    |   Type    | Width | Bus | MB | AR | AS | SR | SS | ST |
===============================================================================
|      state_reg      | Flip-flop |   2   |  Y  | N  | Y  | N  | N  | N  | N  |
===============================================================================

Inferred memory devices in process
	in routine MS line 105 in file
		'/home/RAID2/COURSE/dcs/dcs034/Final_0624/01_RTL/MS.sv'.
===============================================================================
|    Register Name    |   Type    | Width | Bus | MB | AR | AS | SR | SS | ST |
===============================================================================
|     counter_reg     | Flip-flop |   8   |  Y  | N  | Y  | N  | N  | N  | N  |
===============================================================================

Inferred memory devices in process
	in routine MS line 113 in file
		'/home/RAID2/COURSE/dcs/dcs034/Final_0624/01_RTL/MS.sv'.
===============================================================================
|    Register Name    |   Type    | Width | Bus | MB | AR | AS | SR | SS | ST |
===============================================================================
|       map_reg       | Flip-flop |  59   |  Y  | N  | N  | Y  | N  | N  | N  |
|       map_reg       | Flip-flop |   2   |  Y  | N  | Y  | N  | N  | N  | N  |
|       map_reg       | Flip-flop |  195  |  Y  | N  | N  | N  | N  | N  | N  |
===============================================================================

Inferred memory devices in process
	in routine MS line 178 in file
		'/home/RAID2/COURSE/dcs/dcs034/Final_0624/01_RTL/MS.sv'.
===============================================================================
|    Register Name    |   Type    | Width | Bus | MB | AR | AS | SR | SS | ST |
===============================================================================
|    not_found_reg    | Flip-flop |   1   |  N  | N  | Y  | N  | N  | N  | N  |
===============================================================================

Inferred memory devices in process
	in routine MS line 185 in file
		'/home/RAID2/COURSE/dcs/dcs034/Final_0624/01_RTL/MS.sv'.
===============================================================================
|    Register Name    |   Type    | Width | Bus | MB | AR | AS | SR | SS | ST |
===============================================================================
|   precedence_reg    | Flip-flop |  512  |  Y  | N  | N  | N  | N  | N  | N  |
===============================================================================

Inferred memory devices in process
	in routine MS line 240 in file
		'/home/RAID2/COURSE/dcs/dcs034/Final_0624/01_RTL/MS.sv'.
===============================================================================
|    Register Name    |   Type    | Width | Bus | MB | AR | AS | SR | SS | ST |
===============================================================================
|     back_y_reg      | Flip-flop |   3   |  Y  | N  | Y  | N  | N  | N  | N  |
|     back_y_reg      | Flip-flop |   1   |  N  | N  | N  | Y  | N  | N  | N  |
|     back_x_reg      | Flip-flop |   3   |  Y  | N  | Y  | N  | N  | N  | N  |
|     back_x_reg      | Flip-flop |   1   |  N  | N  | N  | Y  | N  | N  | N  |
===============================================================================

Inferred memory devices in process
	in routine MS line 509 in file
		'/home/RAID2/COURSE/dcs/dcs034/Final_0624/01_RTL/MS.sv'.
===============================================================================
|    Register Name    |   Type    | Width | Bus | MB | AR | AS | SR | SS | ST |
===============================================================================
|      out_y_reg      | Flip-flop |   4   |  Y  | N  | Y  | N  | N  | N  | N  |
|      out_x_reg      | Flip-flop |   4   |  Y  | N  | Y  | N  | N  | N  | N  |
===============================================================================
Statistics for MUX_OPs
===========================================================
| block name/line  | Inputs | Outputs | # sel inputs | MB |
===========================================================
|      MS/169      |   16   |   16    |      4       | N  |
|      MS/169      |   16   |    1    |      4       | N  |
|      MS/170      |   16   |   16    |      4       | N  |
|      MS/170      |   16   |    2    |      4       | N  |
|      MS/171      |   16   |    1    |      4       | N  |
|      MS/172      |   16   |   16    |      4       | N  |
|      MS/225      |   16   |   32    |      4       | N  |
|      MS/225      |   16   |    2    |      4       | N  |
===========================================================

Statistics for case statements in always block at line 588 in file
	'/home/RAID2/COURSE/dcs/dcs034/Final_0624/01_RTL/MS.sv'
===============================================
|           Line           |  full/ parallel  |
===============================================
|           589            |    auto/auto     |
===============================================

Statistics for case statements in always block at line 623 in file
	'/home/RAID2/COURSE/dcs/dcs034/Final_0624/01_RTL/MS.sv'
===============================================
|           Line           |  full/ parallel  |
===============================================
|           624            |    auto/auto     |
===============================================

Statistics for case statements in always block at line 663 in file
	'/home/RAID2/COURSE/dcs/dcs034/Final_0624/01_RTL/MS.sv'
===============================================
|           Line           |  full/ parallel  |
===============================================
|           678            |    auto/auto     |
===============================================

Inferred memory devices in process
	in routine fifo line 598 in file
		'/home/RAID2/COURSE/dcs/dcs034/Final_0624/01_RTL/MS.sv'.
===============================================================================
|    Register Name    |   Type    | Width | Bus | MB | AR | AS | SR | SS | ST |
===============================================================================
|     tail_y_reg      | Flip-flop |   4   |  Y  | N  | N  | N  | N  | N  | N  |
|     tail_x_reg      | Flip-flop |   4   |  Y  | N  | N  | N  | N  | N  | N  |
===============================================================================

Inferred memory devices in process
	in routine fifo line 615 in file
		'/home/RAID2/COURSE/dcs/dcs034/Final_0624/01_RTL/MS.sv'.
===============================================================================
|    Register Name    |   Type    | Width | Bus | MB | AR | AS | SR | SS | ST |
===============================================================================
|  back_pointer_reg   | Flip-flop |   7   |  Y  | N  | Y  | N  | N  | N  | N  |
===============================================================================

Inferred memory devices in process
	in routine fifo line 646 in file
		'/home/RAID2/COURSE/dcs/dcs034/Final_0624/01_RTL/MS.sv'.
===============================================================================
|    Register Name    |   Type    | Width | Bus | MB | AR | AS | SR | SS | ST |
===============================================================================
|  tail_pointer_reg   | Flip-flop |   5   |  Y  | N  | Y  | N  | N  | N  | N  |
|  head_pointer_reg   | Flip-flop |   4   |  Y  | N  | Y  | N  | N  | N  | N  |
|  head_pointer_reg   | Flip-flop |   1   |  N  | N  | N  | Y  | N  | N  | N  |
===============================================================================

Inferred memory devices in process
	in routine fifo line 663 in file
		'/home/RAID2/COURSE/dcs/dcs034/Final_0624/01_RTL/MS.sv'.
===============================================================================
|    Register Name    |   Type    | Width | Bus | MB | AR | AS | SR | SS | ST |
===============================================================================
|      fifo_reg       | Flip-flop |   6   |  Y  | N  | N  | Y  | N  | N  | N  |
|      fifo_reg       | Flip-flop |   2   |  Y  | N  | Y  | N  | N  | N  | N  |
|      fifo_reg       | Flip-flop |  248  |  Y  | N  | N  | N  | N  | N  | N  |
===============================================================================
Statistics for MUX_OPs
===========================================================
| block name/line  | Inputs | Outputs | # sel inputs | MB |
===========================================================
|     fifo/590     |   32   |    8    |      5       | N  |
|     fifo/604     |   32   |    8    |      5       | N  |
|     fifo/610     |   32   |    8    |      5       | N  |
===========================================================
Presto compilation completed successfully.
Current design is now '/home/RAID2/COURSE/dcs/dcs034/Final_0624/01_RTL/MS.db:MS'
Loaded 2 designs.
Current design is 'MS'.
MS fifo
current_design $DESIGN
Current design is 'MS'.
{MS}
#======================================================
#  Global Setting
#======================================================
#======================================================
#  Set Design Constraints
#======================================================
create_clock -name "clk" -period $CYCLE clk
1
set_input_delay  [ expr $CYCLE*0.5 ] -clock clk [all_inputs]
1
set_output_delay [ expr $CYCLE*0.5 ] -clock clk [all_outputs]
1
set_input_delay 0 -clock clk clk
1
set_input_delay 0 -clock clk rst_n
1
set_load 0.05 [all_outputs]
1
set_dont_use slow/JKFF*
1
#======================================================
#  Optimization
#======================================================
set_wire_load_mode top
1
check_design > Report/$DESIGN\.check
set_fix_multiple_port_nets -all -buffer_constants
1
compile_ultra
Information: Performing power optimization. (PWR-850)
Alib files are up-to-date.
Information: Evaluating DesignWare library utilization. (UISN-27)

============================================================================
| DesignWare Building Block Library  |         Version         | Available |
============================================================================
| Basic DW Building Blocks           | K-2015.06-DWBB_201506.1 |     *     |
| Licensed DW Building Blocks        | K-2015.06-DWBB_201506.1 |     *     |
============================================================================

Information: Sequential output inversion is enabled.  SVF file must be used for formal verification. (OPT-1208)

Information: There are 3 potential problems in your design. Please run 'check_design' for more information. (LINT-99)

  Simplifying Design 'MS'

Loaded alib file './alib-52/slow.db.alib'
  Building model 'DW01_NAND2'
Information: Ungrouping 0 of 2 hierarchies before Pass 1 (OPT-775)
Information: State dependent leakage is now switched from on to off.

  Beginning Pass 1 Mapping
  ------------------------
  Processing 'MS'
Information: Added key list 'DesignWare' to design 'MS'. (DDB-72)
Information: The register 'precedence_reg[15][15][0]' is a constant and will be removed. (OPT-1206)
Information: The register 'precedence_reg[15][15][1]' is a constant and will be removed. (OPT-1206)
Information: The register 'precedence_reg[15][14][0]' is a constant and will be removed. (OPT-1206)
Information: The register 'precedence_reg[15][14][1]' is a constant and will be removed. (OPT-1206)
Information: The register 'precedence_reg[15][13][0]' is a constant and will be removed. (OPT-1206)
Information: The register 'precedence_reg[15][13][1]' is a constant and will be removed. (OPT-1206)
Information: The register 'precedence_reg[15][12][0]' is a constant and will be removed. (OPT-1206)
Information: The register 'precedence_reg[15][12][1]' is a constant and will be removed. (OPT-1206)
Information: The register 'precedence_reg[15][11][0]' is a constant and will be removed. (OPT-1206)
Information: The register 'precedence_reg[15][11][1]' is a constant and will be removed. (OPT-1206)
Information: The register 'precedence_reg[15][10][0]' is a constant and will be removed. (OPT-1206)
Information: The register 'precedence_reg[15][10][1]' is a constant and will be removed. (OPT-1206)
Information: The register 'precedence_reg[15][9][0]' is a constant and will be removed. (OPT-1206)
Information: The register 'precedence_reg[15][9][1]' is a constant and will be removed. (OPT-1206)
Information: The register 'precedence_reg[15][8][0]' is a constant and will be removed. (OPT-1206)
Information: The register 'precedence_reg[15][8][1]' is a constant and will be removed. (OPT-1206)
Information: The register 'precedence_reg[15][7][0]' is a constant and will be removed. (OPT-1206)
Information: The register 'precedence_reg[15][7][1]' is a constant and will be removed. (OPT-1206)
Information: The register 'precedence_reg[15][6][0]' is a constant and will be removed. (OPT-1206)
Information: The register 'precedence_reg[15][6][1]' is a constant and will be removed. (OPT-1206)
Information: The register 'precedence_reg[15][5][0]' is a constant and will be removed. (OPT-1206)
Information: The register 'precedence_reg[15][5][1]' is a constant and will be removed. (OPT-1206)
Information: The register 'precedence_reg[15][4][0]' is a constant and will be removed. (OPT-1206)
Information: The register 'precedence_reg[15][4][1]' is a constant and will be removed. (OPT-1206)
Information: The register 'precedence_reg[15][3][0]' is a constant and will be removed. (OPT-1206)
Information: The register 'precedence_reg[15][3][1]' is a constant and will be removed. (OPT-1206)
Information: The register 'precedence_reg[15][2][0]' is a constant and will be removed. (OPT-1206)
Information: The register 'precedence_reg[15][2][1]' is a constant and will be removed. (OPT-1206)
Information: The register 'precedence_reg[15][1][0]' is a constant and will be removed. (OPT-1206)
Information: The register 'precedence_reg[15][1][1]' is a constant and will be removed. (OPT-1206)
Information: The register 'precedence_reg[15][0][0]' is a constant and will be removed. (OPT-1206)
Information: The register 'precedence_reg[15][0][1]' is a constant and will be removed. (OPT-1206)
Information: The register 'precedence_reg[14][15][0]' is a constant and will be removed. (OPT-1206)
Information: The register 'precedence_reg[14][15][1]' is a constant and will be removed. (OPT-1206)
Information: The register 'precedence_reg[14][14][0]' is a constant and will be removed. (OPT-1206)
Information: The register 'precedence_reg[14][14][1]' is a constant and will be removed. (OPT-1206)
Information: The register 'precedence_reg[14][0][0]' is a constant and will be removed. (OPT-1206)
Information: The register 'precedence_reg[14][0][1]' is a constant and will be removed. (OPT-1206)
Information: The register 'precedence_reg[13][15][0]' is a constant and will be removed. (OPT-1206)
Information: The register 'precedence_reg[13][15][1]' is a constant and will be removed. (OPT-1206)
Information: The register 'precedence_reg[13][0][0]' is a constant and will be removed. (OPT-1206)
Information: The register 'precedence_reg[13][0][1]' is a constant and will be removed. (OPT-1206)
Information: The register 'precedence_reg[12][15][0]' is a constant and will be removed. (OPT-1206)
Information: The register 'precedence_reg[12][15][1]' is a constant and will be removed. (OPT-1206)
Information: The register 'precedence_reg[12][0][0]' is a constant and will be removed. (OPT-1206)
Information: The register 'precedence_reg[12][0][1]' is a constant and will be removed. (OPT-1206)
Information: The register 'precedence_reg[11][15][0]' is a constant and will be removed. (OPT-1206)
Information: The register 'precedence_reg[11][15][1]' is a constant and will be removed. (OPT-1206)
Information: The register 'precedence_reg[11][0][0]' is a constant and will be removed. (OPT-1206)
Information: The register 'precedence_reg[11][0][1]' is a constant and will be removed. (OPT-1206)
Information: The register 'precedence_reg[10][15][0]' is a constant and will be removed. (OPT-1206)
Information: The register 'precedence_reg[10][15][1]' is a constant and will be removed. (OPT-1206)
Information: The register 'precedence_reg[10][0][0]' is a constant and will be removed. (OPT-1206)
Information: The register 'precedence_reg[10][0][1]' is a constant and will be removed. (OPT-1206)
Information: The register 'precedence_reg[9][15][0]' is a constant and will be removed. (OPT-1206)
Information: The register 'precedence_reg[9][15][1]' is a constant and will be removed. (OPT-1206)
Information: The register 'precedence_reg[9][0][0]' is a constant and will be removed. (OPT-1206)
Information: The register 'precedence_reg[9][0][1]' is a constant and will be removed. (OPT-1206)
Information: The register 'precedence_reg[8][15][0]' is a constant and will be removed. (OPT-1206)
Information: The register 'precedence_reg[8][15][1]' is a constant and will be removed. (OPT-1206)
Information: The register 'precedence_reg[8][0][0]' is a constant and will be removed. (OPT-1206)
Information: The register 'precedence_reg[8][0][1]' is a constant and will be removed. (OPT-1206)
Information: The register 'precedence_reg[7][15][0]' is a constant and will be removed. (OPT-1206)
Information: The register 'precedence_reg[7][15][1]' is a constant and will be removed. (OPT-1206)
Information: The register 'precedence_reg[7][0][0]' is a constant and will be removed. (OPT-1206)
Information: The register 'precedence_reg[7][0][1]' is a constant and will be removed. (OPT-1206)
Information: The register 'precedence_reg[6][15][0]' is a constant and will be removed. (OPT-1206)
Information: The register 'precedence_reg[6][15][1]' is a constant and will be removed. (OPT-1206)
Information: The register 'precedence_reg[6][0][0]' is a constant and will be removed. (OPT-1206)
Information: The register 'precedence_reg[6][0][1]' is a constant and will be removed. (OPT-1206)
Information: The register 'precedence_reg[5][15][0]' is a constant and will be removed. (OPT-1206)
Information: The register 'precedence_reg[5][15][1]' is a constant and will be removed. (OPT-1206)
Information: The register 'precedence_reg[5][0][0]' is a constant and will be removed. (OPT-1206)
Information: The register 'precedence_reg[5][0][1]' is a constant and will be removed. (OPT-1206)
Information: The register 'precedence_reg[4][15][0]' is a constant and will be removed. (OPT-1206)
Information: The register 'precedence_reg[4][15][1]' is a constant and will be removed. (OPT-1206)
Information: The register 'precedence_reg[4][0][0]' is a constant and will be removed. (OPT-1206)
Information: The register 'precedence_reg[4][0][1]' is a constant and will be removed. (OPT-1206)
Information: The register 'precedence_reg[3][15][0]' is a constant and will be removed. (OPT-1206)
Information: The register 'precedence_reg[3][15][1]' is a constant and will be removed. (OPT-1206)
Information: The register 'precedence_reg[3][0][0]' is a constant and will be removed. (OPT-1206)
Information: The register 'precedence_reg[3][0][1]' is a constant and will be removed. (OPT-1206)
Information: The register 'precedence_reg[2][15][0]' is a constant and will be removed. (OPT-1206)
Information: The register 'precedence_reg[2][15][1]' is a constant and will be removed. (OPT-1206)
Information: The register 'precedence_reg[2][0][0]' is a constant and will be removed. (OPT-1206)
Information: The register 'precedence_reg[2][0][1]' is a constant and will be removed. (OPT-1206)
Information: The register 'precedence_reg[1][15][0]' is a constant and will be removed. (OPT-1206)
Information: The register 'precedence_reg[1][15][1]' is a constant and will be removed. (OPT-1206)
Information: The register 'precedence_reg[1][0][0]' is a constant and will be removed. (OPT-1206)
Information: The register 'precedence_reg[1][0][1]' is a constant and will be removed. (OPT-1206)
Information: The register 'precedence_reg[0][15][0]' is a constant and will be removed. (OPT-1206)
Information: The register 'precedence_reg[0][15][1]' is a constant and will be removed. (OPT-1206)
Information: The register 'precedence_reg[0][14][0]' is a constant and will be removed. (OPT-1206)
Information: The register 'precedence_reg[0][14][1]' is a constant and will be removed. (OPT-1206)
Information: The register 'precedence_reg[0][13][0]' is a constant and will be removed. (OPT-1206)
Information: The register 'precedence_reg[0][13][1]' is a constant and will be removed. (OPT-1206)
Information: The register 'precedence_reg[0][12][0]' is a constant and will be removed. (OPT-1206)
Information: The register 'precedence_reg[0][12][1]' is a constant and will be removed. (OPT-1206)
Information: The register 'precedence_reg[0][11][0]' is a constant and will be removed. (OPT-1206)
Information: The register 'precedence_reg[0][11][1]' is a constant and will be removed. (OPT-1206)
Information: The register 'precedence_reg[0][10][0]' is a constant and will be removed. (OPT-1206)
Information: The register 'precedence_reg[0][10][1]' is a constant and will be removed. (OPT-1206)
Information: The register 'precedence_reg[0][9][0]' is a constant and will be removed. (OPT-1206)
Information: The register 'precedence_reg[0][9][1]' is a constant and will be removed. (OPT-1206)
Information: The register 'precedence_reg[0][8][0]' is a constant and will be removed. (OPT-1206)
Information: The register 'precedence_reg[0][8][1]' is a constant and will be removed. (OPT-1206)
Information: The register 'precedence_reg[0][7][0]' is a constant and will be removed. (OPT-1206)
Information: The register 'precedence_reg[0][7][1]' is a constant and will be removed. (OPT-1206)
Information: The register 'precedence_reg[0][6][0]' is a constant and will be removed. (OPT-1206)
Information: The register 'precedence_reg[0][6][1]' is a constant and will be removed. (OPT-1206)
Information: The register 'precedence_reg[0][5][0]' is a constant and will be removed. (OPT-1206)
Information: The register 'precedence_reg[0][5][1]' is a constant and will be removed. (OPT-1206)
Information: The register 'precedence_reg[0][4][0]' is a constant and will be removed. (OPT-1206)
Information: The register 'precedence_reg[0][4][1]' is a constant and will be removed. (OPT-1206)
Information: The register 'precedence_reg[0][3][0]' is a constant and will be removed. (OPT-1206)
Information: The register 'precedence_reg[0][3][1]' is a constant and will be removed. (OPT-1206)
Information: The register 'precedence_reg[0][2][0]' is a constant and will be removed. (OPT-1206)
Information: The register 'precedence_reg[0][2][1]' is a constant and will be removed. (OPT-1206)
Information: The register 'precedence_reg[0][1][0]' is a constant and will be removed. (OPT-1206)
Information: The register 'precedence_reg[0][1][1]' is a constant and will be removed. (OPT-1206)
Information: The register 'precedence_reg[0][0][0]' is a constant and will be removed. (OPT-1206)
Information: The register 'precedence_reg[0][0][1]' is a constant and will be removed. (OPT-1206)
Information: The register 'map_reg[15][14]' is a constant and will be removed. (OPT-1206)
Information: The register 'map_reg[15][13]' is a constant and will be removed. (OPT-1206)
Information: The register 'map_reg[15][12]' is a constant and will be removed. (OPT-1206)
Information: The register 'map_reg[15][11]' is a constant and will be removed. (OPT-1206)
Information: The register 'map_reg[15][10]' is a constant and will be removed. (OPT-1206)
Information: The register 'map_reg[15][9]' is a constant and will be removed. (OPT-1206)
Information: The register 'map_reg[15][8]' is a constant and will be removed. (OPT-1206)
Information: The register 'map_reg[15][7]' is a constant and will be removed. (OPT-1206)
Information: The register 'map_reg[15][6]' is a constant and will be removed. (OPT-1206)
Information: The register 'map_reg[15][5]' is a constant and will be removed. (OPT-1206)
Information: The register 'map_reg[15][4]' is a constant and will be removed. (OPT-1206)
Information: The register 'map_reg[15][3]' is a constant and will be removed. (OPT-1206)
Information: The register 'map_reg[15][2]' is a constant and will be removed. (OPT-1206)
Information: The register 'map_reg[15][1]' is a constant and will be removed. (OPT-1206)
Information: The register 'map_reg[15][0]' is a constant and will be removed. (OPT-1206)
Information: The register 'map_reg[14][15]' is a constant and will be removed. (OPT-1206)
Information: The register 'map_reg[14][0]' is a constant and will be removed. (OPT-1206)
Information: The register 'map_reg[13][15]' is a constant and will be removed. (OPT-1206)
Information: The register 'map_reg[13][0]' is a constant and will be removed. (OPT-1206)
Information: The register 'map_reg[12][15]' is a constant and will be removed. (OPT-1206)
Information: The register 'map_reg[12][0]' is a constant and will be removed. (OPT-1206)
Information: The register 'map_reg[11][15]' is a constant and will be removed. (OPT-1206)
Information: The register 'map_reg[11][0]' is a constant and will be removed. (OPT-1206)
Information: The register 'map_reg[10][15]' is a constant and will be removed. (OPT-1206)
Information: The register 'map_reg[10][0]' is a constant and will be removed. (OPT-1206)
Information: The register 'map_reg[9][15]' is a constant and will be removed. (OPT-1206)
Information: The register 'map_reg[9][0]' is a constant and will be removed. (OPT-1206)
Information: The register 'map_reg[8][15]' is a constant and will be removed. (OPT-1206)
Information: The register 'map_reg[8][0]' is a constant and will be removed. (OPT-1206)
Information: The register 'map_reg[7][15]' is a constant and will be removed. (OPT-1206)
Information: The register 'map_reg[7][0]' is a constant and will be removed. (OPT-1206)
Information: The register 'map_reg[6][15]' is a constant and will be removed. (OPT-1206)
Information: The register 'map_reg[6][0]' is a constant and will be removed. (OPT-1206)
Information: The register 'map_reg[5][15]' is a constant and will be removed. (OPT-1206)
Information: The register 'map_reg[5][0]' is a constant and will be removed. (OPT-1206)
Information: The register 'map_reg[4][15]' is a constant and will be removed. (OPT-1206)
Information: The register 'map_reg[4][0]' is a constant and will be removed. (OPT-1206)
Information: The register 'map_reg[3][15]' is a constant and will be removed. (OPT-1206)
Information: The register 'map_reg[3][0]' is a constant and will be removed. (OPT-1206)
Information: The register 'map_reg[2][15]' is a constant and will be removed. (OPT-1206)
Information: The register 'map_reg[2][0]' is a constant and will be removed. (OPT-1206)
Information: The register 'map_reg[1][15]' is a constant and will be removed. (OPT-1206)
Information: The register 'map_reg[1][0]' is a constant and will be removed. (OPT-1206)
Information: The register 'map_reg[0][15]' is a constant and will be removed. (OPT-1206)
Information: The register 'map_reg[0][14]' is a constant and will be removed. (OPT-1206)
Information: The register 'map_reg[0][13]' is a constant and will be removed. (OPT-1206)
Information: The register 'map_reg[0][12]' is a constant and will be removed. (OPT-1206)
Information: The register 'map_reg[0][11]' is a constant and will be removed. (OPT-1206)
Information: The register 'map_reg[0][10]' is a constant and will be removed. (OPT-1206)
Information: The register 'map_reg[0][9]' is a constant and will be removed. (OPT-1206)
Information: The register 'map_reg[0][8]' is a constant and will be removed. (OPT-1206)
Information: The register 'map_reg[0][7]' is a constant and will be removed. (OPT-1206)
Information: The register 'map_reg[0][6]' is a constant and will be removed. (OPT-1206)
Information: The register 'map_reg[0][5]' is a constant and will be removed. (OPT-1206)
Information: The register 'map_reg[0][4]' is a constant and will be removed. (OPT-1206)
Information: The register 'map_reg[0][3]' is a constant and will be removed. (OPT-1206)
Information: The register 'map_reg[0][2]' is a constant and will be removed. (OPT-1206)
Information: The register 'map_reg[0][1]' is a constant and will be removed. (OPT-1206)
Information: The register 'map_reg[0][0]' is a constant and will be removed. (OPT-1206)
 Implement Synthetic for 'MS'.
  Processing 'fifo'
Information: Added key list 'DesignWare' to design 'fifo'. (DDB-72)
 Implement Synthetic for 'fifo'.

  Updating timing information
Information: Updating design information... (UID-85)
Information: The library cell 'HOLDX1' in the library 'slow' is not characterized for internal power. (PWR-536)
Information: The target library(s) contains cell(s), other than black boxes, that are not characterized for internal power. (PWR-24)

  Beginning Mapping Optimizations  (Ultra High effort)
  -------------------------------
  Mapping Optimization (Phase 1)

  Beginning Constant Register Removal
  -----------------------------------

  Beginning Global Optimizations
  ------------------------------
  Numerical Synthesis (Phase 1)
  Numerical Synthesis (Phase 2)
  Global Optimization (Phase 1)
  Global Optimization (Phase 2)
  Global Optimization (Phase 3)
  Global Optimization (Phase 4)
  Global Optimization (Phase 5)
  Global Optimization (Phase 6)
  Global Optimization (Phase 7)
  Global Optimization (Phase 8)
  Global Optimization (Phase 9)
  Global Optimization (Phase 10)
  Global Optimization (Phase 11)
  Global Optimization (Phase 12)
  Global Optimization (Phase 13)
  Global Optimization (Phase 14)
  Global Optimization (Phase 15)
  Global Optimization (Phase 16)
  Global Optimization (Phase 17)
  Global Optimization (Phase 18)
  Global Optimization (Phase 19)
  Global Optimization (Phase 20)
  Global Optimization (Phase 21)
  Global Optimization (Phase 22)
  Global Optimization (Phase 23)
  Global Optimization (Phase 24)
  Global Optimization (Phase 25)
  Global Optimization (Phase 26)
  Global Optimization (Phase 27)
  Global Optimization (Phase 28)
  Global Optimization (Phase 29)
  Global Optimization (Phase 30)
  Global Optimization (Phase 31)

  Beginning Isolate Ports
  -----------------------

  Beginning Delay Optimization
  ----------------------------

                                  TOTAL                                                
   ELAPSED            WORST NEG   SETUP    DESIGN                              LEAKAGE 
    TIME      AREA      SLACK     COST    RULE COST         ENDPOINT            POWER  
  --------- --------- --------- --------- --------- ------------------------- ---------
    0:00:24  146341.6      0.33       1.3       0.0                           11605773.0000
    0:00:24  146577.8      0.00       0.0       0.0                           11646744.0000
    0:00:24  146577.8      0.00       0.0       0.0                           11646744.0000
    0:00:25  146464.7      0.00       0.0       0.0                           11634949.0000

  Beginning WLM Backend Optimization
  --------------------------------------
    0:00:27  145639.8      0.00       0.0       0.0                           11475773.0000
    0:00:28  145706.3      0.00       0.0       0.0                           10772003.0000
    0:00:28  145706.3      0.00       0.0       0.0                           10772003.0000
    0:00:28  145706.3      0.00       0.0       0.0                           10772003.0000
    0:00:28  145706.3      0.00       0.0       0.0                           10772003.0000
    0:00:28  145706.3      0.00       0.0       0.0                           10772003.0000
    0:00:28  145706.3      0.00       0.0       0.0                           10772003.0000
    0:00:28  145706.3      0.00       0.0       0.0                           10772003.0000
    0:00:28  145706.3      0.00       0.0       0.0                           10772003.0000
    0:00:28  145706.3      0.00       0.0       0.0                           10772003.0000
    0:00:28  145706.3      0.00       0.0       0.0                           10772003.0000
    0:00:28  145706.3      0.00       0.0       0.0                           10772003.0000
    0:00:28  145706.3      0.00       0.0       0.0                           10772003.0000
    0:00:28  145706.3      0.00       0.0       0.0                           10772003.0000
    0:00:28  145706.3      0.00       0.0       0.0                           10772003.0000
    0:00:28  145706.3      0.00       0.0       0.0                           10772003.0000
    0:00:28  145706.3      0.00       0.0       0.0                           10772003.0000
    0:00:28  145706.3      0.00       0.0       0.0                           10772003.0000
    0:00:28  145706.3      0.00       0.0       0.0                           10772003.0000
    0:00:28  145706.3      0.00       0.0       0.0                           10772003.0000
    0:00:28  145706.3      0.00       0.0       0.0                           10772003.0000
    0:00:28  145706.3      0.00       0.0       0.0                           10772003.0000


  Beginning Leakage Power Optimization  (max_leakage_power 0)
  ------------------------------------

                                  TOTAL                                                
   ELAPSED            WORST NEG   SETUP    DESIGN                              LEAKAGE 
    TIME      AREA      SLACK     COST    RULE COST         ENDPOINT            POWER  
  --------- --------- --------- --------- --------- ------------------------- ---------
    0:00:28  145706.3      0.00       0.0       0.0                           10772003.0000
  Global Optimization (Phase 32)
  Global Optimization (Phase 33)
  Global Optimization (Phase 34)
  Global Optimization (Phase 35)
  Global Optimization (Phase 36)
  Global Optimization (Phase 37)
  Global Optimization (Phase 38)
  Global Optimization (Phase 39)
  Global Optimization (Phase 40)
  Global Optimization (Phase 41)
  Global Optimization (Phase 42)
  Global Optimization (Phase 43)
  Global Optimization (Phase 44)
  Global Optimization (Phase 45)
  Global Optimization (Phase 46)
  Global Optimization (Phase 47)
    0:00:31  146132.1      0.00       0.0       0.0                           9730025.0000
    0:00:31  146132.1      0.00       0.0       0.0                           9730025.0000
    0:00:31  146132.1      0.00       0.0       0.0                           9730025.0000
    0:00:31  146058.9      0.00       0.0       0.0                           9708289.0000
    0:00:31  146058.9      0.00       0.0       0.0                           9708289.0000
    0:00:31  146058.9      0.00       0.0       0.0                           9708289.0000
    0:00:31  146058.9      0.00       0.0       0.0                           9708289.0000
    0:00:31  146058.9      0.00       0.0       0.0                           9708289.0000
    0:00:31  146058.9      0.00       0.0       0.0                           9708289.0000
    0:00:31  146058.9      0.00       0.0       0.0                           9708289.0000
    0:00:31  146058.9      0.00       0.0       0.0                           9708289.0000
    0:00:31  146058.9      0.00       0.0       0.0                           9708289.0000
    0:00:31  146058.9      0.00       0.0       0.0                           9708289.0000
    0:00:31  146058.9      0.00       0.0       0.0                           9708289.0000
    0:00:31  146058.9      0.00       0.0       0.0                           9708289.0000
    0:00:31  146058.9      0.00       0.0       0.0                           9708289.0000
    0:00:31  146058.9      0.00       0.0       0.0                           9708289.0000
    0:00:31  146058.9      0.00       0.0       0.0                           9708289.0000
    0:00:31  146058.9      0.00       0.0       0.0                           9708289.0000
    0:00:31  146058.9      0.00       0.0       0.0                           9708289.0000
    0:00:31  146058.9      0.00       0.0       0.0                           9708289.0000
    0:00:31  146058.9      0.00       0.0       0.0                           9708289.0000

                                  TOTAL                                                
   ELAPSED            WORST NEG   SETUP    DESIGN                              LEAKAGE 
    TIME      AREA      SLACK     COST    RULE COST         ENDPOINT            POWER  
  --------- --------- --------- --------- --------- ------------------------- ---------
    0:00:31  146058.9      0.00       0.0       0.0                           9708289.0000
    0:00:32  143211.5      0.00       0.0       0.0                           9736620.0000
    0:00:32  143211.5      0.00       0.0       0.0                           9736620.0000
    0:00:32  143211.5      0.00       0.0       0.0                           9736620.0000
    0:00:32  143763.7      0.00       0.0       0.0                           9698516.0000
    0:00:33  143823.6      0.00       0.0       0.0                           9615200.0000
    0:00:33  143823.6      0.00       0.0       0.0                           9615200.0000
    0:00:33  143823.6      0.00       0.0       0.0                           9615200.0000
    0:00:33  143823.6      0.00       0.0       0.0                           9615200.0000
    0:00:34  142606.1      0.00       0.0       0.0                           9581278.0000
Loading db file '/RAID2/COURSE/iclab/iclabta01/umc018/Synthesis/slow.db'


Note: Symbol # after min delay cost means estimated hold TNS across all active scenarios 


  Optimization Complete
  ---------------------
Information: State dependent leakage is now switched from off to on.
Information: Propagating switching activity (low effort zero delay simulation). (PWR-6)
1
#======================================================
#  Output Reports 
#======================================================
report_timing >  Report/$DESIGN\.timing
report_area >  Report/$DESIGN\.area
report_resource >  Report/$DESIGN\.resource
#======================================================
#  Change Naming Rule
#======================================================
set bus_inference_style "%s\[%d\]"
%s[%d]
set bus_naming_style "%s\[%d\]"
%s[%d]
set hdlout_internal_busses true
true
change_names -hierarchy -rule verilog
1
define_name_rules name_rule -allowed "a-z A-Z 0-9 _" -max_length 255 -type cell
1
define_name_rules name_rule -allowed "a-z A-Z 0-9 _[]" -max_length 255 -type net
1
define_name_rules name_rule -map {{"\\*cell\\*" "cell"}}
1
change_names -hierarchy -rules name_rule
1
#======================================================
#  Output Results
#======================================================
set verilogout_higher_designs_first true
true
write -format verilog -output Netlist/$DESIGN\_SYN.v -hierarchy
Writing verilog file '/home/RAID2/COURSE/dcs/dcs034/Final_0624/02_SYN/Netlist/MS_SYN.v'.
1
write_sdf -version 3.0 -context verilog -load_delay cell Netlist/$DESIGN\_SYN.sdf -significant_digits 6
Information: Writing timing information to file '/home/RAID2/COURSE/dcs/dcs034/Final_0624/02_SYN/Netlist/MS_SYN.sdf'. (WT-3)
1
#======================================================
#  Finish and Quit
#======================================================
report_area -hierarchy
 
****************************************
Report : area
Design : MS
Version: K-2015.06-SP1
Date   : Thu Jun 24 22:09:31 2021
****************************************

Library(s) Used:

    slow (File: /RAID2/COURSE/iclab/iclabta01/umc018/Synthesis/slow.db)

Number of ports:                           69
Number of nets:                          6683
Number of cells:                         6616
Number of combinational cells:           5719
Number of sequential cells:               896
Number of macros/black boxes:               0
Number of buf/inv:                        794
Number of references:                      92

Combinational area:              93907.600461
Buf/Inv area:                     8335.958666
Noncombinational area:           48698.496590
Macro/Black Box area:                0.000000
Net Interconnect area:      undefined  (No wire load specified)

Total cell area:                142606.097051
Total area:                 undefined

Hierarchical area distribution
------------------------------

                                  Global cell area             Local cell area
                                  --------------------  ------------------------------ 
Hierarchical cell                 Absolute     Percent  Combi-      Noncombi-   Black-
                                  Total        Total    national    national    boxes   Design
--------------------------------  -----------  -------  ----------  ----------  ------  ---------
MS                                142606.0971    100.0  57616.5757  33160.8820  0.0000  MS
fifo1                              51828.6394     36.3  36291.0248  15537.6146  0.0000  fifo
--------------------------------  -----------  -------  ----------  ----------  ------  ---------
Total                                                   93907.6005  48698.4966  0.0000

1
report_timing
 
****************************************
Report : timing
        -path full
        -delay max
        -max_paths 1
Design : MS
Version: K-2015.06-SP1
Date   : Thu Jun 24 22:09:31 2021
****************************************

Operating Conditions: slow   Library: slow
Wire Load Model Mode: top

  Startpoint: fifo1/tail_y_reg_3_
              (rising edge-triggered flip-flop clocked by clk)
  Endpoint: precedence_reg_13__6__1_
            (rising edge-triggered flip-flop clocked by clk)
  Path Group: clk
  Path Type: max

  Point                                                   Incr       Path
  --------------------------------------------------------------------------
  clock clk (rise edge)                                   0.00       0.00
  clock network delay (ideal)                             0.00       0.00
  fifo1/tail_y_reg_3_/CK (DFFHQX4)                        0.00       0.00 r
  fifo1/tail_y_reg_3_/Q (DFFHQX4)                         0.38       0.38 r
  fifo1/tail_y[3] (fifo)                                  0.00       0.38 r
  U5825/Y (INVX8)                                         0.08       0.45 f
  U5826/Y (NAND2X4)                                       0.16       0.62 r
  U4588/Y (NOR2X4)                                        0.12       0.74 f
  U5838/Y (INVX8)                                         0.09       0.83 r
  U4047/Y (INVX4)                                         0.11       0.94 f
  U5919/Y (AOI22XL)                                       0.25       1.19 r
  U5071/Y (NAND4XL)                                       0.17       1.36 f
  U4491/Y (NOR2X1)                                        0.18       1.53 r
  U5130/Y (OAI22XL)                                       0.15       1.69 f
  U4568/Y (NOR4X1)                                        0.30       1.99 r
  U5174/Y (OAI211XL)                                      0.17       2.15 f
  U5172/Y (AOI211X1)                                      0.23       2.38 r
  U5171/Y (BUFX2)                                         0.35       2.73 r
  U4652/Y (NAND2X1)                                       0.15       2.88 f
  U4083/Y (INVXL)                                         0.48       3.36 r
  U5169/Y (AOI2BB1X1)                                     0.41       3.76 f
  U6689/Y (AOI221XL)                                      0.43       4.19 r
  U6690/Y (INVXL)                                         0.10       4.30 f
  U5389/Y (AOI21XL)                                       0.20       4.50 r
  U5388/Y (OAI21XL)                                       0.10       4.60 f
  precedence_reg_13__6__1_/D (DFFHQX1)                    0.00       4.60 f
  data arrival time                                                  4.60

  clock clk (rise edge)                                   5.00       5.00
  clock network delay (ideal)                             0.00       5.00
  precedence_reg_13__6__1_/CK (DFFHQX1)                   0.00       5.00 r
  library setup time                                     -0.40       4.60
  data required time                                                 4.60
  --------------------------------------------------------------------------
  data required time                                                 4.60
  data arrival time                                                 -4.60
  --------------------------------------------------------------------------
  slack (MET)                                                        0.00


1
exit

Thank you...
